# JRE version: OpenJDK Runtime Environment Temurin-24.0.1+9 (24.0.1+9) (build 24.0.1+9)
# Java VM: OpenJDK 64-Bit Server VM Temurin-24.0.1+9 (24.0.1+9, mixed mode, emulated-client, sharing, tiered, compressed oops, compressed class ptrs, g1 gc, windows-amd64)
GC Precious Log:
 CardTable entry size: 512
 Card Set container configuration: InlinePtr #cards 4 size 8 Array Of Cards #cards 64 size 144 Howl #buckets 8 coarsen threshold 14745 Howl Bitmap #cards 2048 size 272 coarsen threshold 1843 Card regions per heap region 1 cards per card region 16384
 CPUs: 20 total, 20 available
 Memory: 65156M
 Large Page Support: Disabled
 NUMA Support: Disabled
 Compressed Oops: Enabled (Zero based)
 Heap Region Size: 8M
 Heap Min Capacity: 8M
 Heap Initial Capacity: 1G
 Heap Max Capacity: 16296M
 Pre-touch: Disabled
 Parallel Workers: 15
 Concurrent Workers: 4
 Concurrent Refinement Workers: 15
 Periodic GC: Disabled
Heap:
 garbage-first heap   total reserved 16687104K, committed 114688K, used 59744K [0x0000000405800000, 0x0000000800000000)
  region size 8192K, 6 young (49152K), 1 survivors (8192K)
 Metaspace       used 52318K, committed 52928K, reserved 1114112K
  class space    used 6285K, committed 6528K, reserved 1048576K
GC Heap History (14 events):
Event: 1.187 GC heap before
{Heap before GC invocations=0 (full 0):
 garbage-first heap   total reserved 16687104K, committed 1056768K, used 42096K [0x0000000405800000, 0x0000000800000000)
  region size 8192K, 6 young (49152K), 0 survivors (0K)
 Metaspace       used 10427K, committed 10688K, reserved 1114112K
  class space    used 1056K, committed 1152K, reserved 1048576K
}
Event: 1.191 GC heap after
{Heap after GC invocations=1 (full 0):
 garbage-first heap   total reserved 16687104K, committed 1056768K, used 9512K [0x0000000405800000, 0x0000000800000000)
  region size 8192K, 1 young (8192K), 1 survivors (8192K)
 Metaspace       used 10427K, committed 10688K, reserved 1114112K
  class space    used 1056K, committed 1152K, reserved 1048576K
}
Event: 1.683 GC heap before
{Heap before GC invocations=1 (full 0):
 garbage-first heap   total reserved 16687104K, committed 1056768K, used 50472K [0x0000000405800000, 0x0000000800000000)
  region size 8192K, 7 young (57344K), 1 survivors (8192K)
 Metaspace       used 21175K, committed 21504K, reserved 1114112K
  class space    used 2358K, committed 2496K, reserved 1048576K
}
Event: 1.688 GC heap after
{Heap after GC invocations=2 (full 0):
 garbage-first heap   total reserved 16687104K, committed 1056768K, used 13215K [0x0000000405800000, 0x0000000800000000)
  region size 8192K, 2 young (16384K), 2 survivors (16384K)
 Metaspace       used 21175K, committed 21504K, reserved 1114112K
  class space    used 2358K, committed 2496K, reserved 1048576K
}
Event: 2.227 GC heap before
{Heap before GC invocations=3 (full 0):
 garbage-first heap   total reserved 16687104K, committed 114688K, used 95135K [0x0000000405800000, 0x0000000800000000)
  region size 8192K, 12 young (98304K), 2 survivors (16384K)
 Metaspace       used 30965K, committed 31360K, reserved 1114112K
  class space    used 3432K, committed 3584K, reserved 1048576K
}
Event: 2.233 GC heap after
{Heap after GC invocations=4 (full 0):
 garbage-first heap   total reserved 16687104K, committed 139264K, used 18064K [0x0000000405800000, 0x0000000800000000)
  region size 8192K, 3 young (24576K), 3 survivors (24576K)
 Metaspace       used 30965K, committed 31360K, reserved 1114112K
  class space    used 3432K, committed 3584K, reserved 1048576K
}
Event: 2.501 GC heap before
{Heap before GC invocations=4 (full 0):
 garbage-first heap   total reserved 16687104K, committed 139264K, used 59024K [0x0000000405800000, 0x0000000800000000)
  region size 8192K, 9 young (73728K), 3 survivors (24576K)
 Metaspace       used 35643K, committed 36096K, reserved 1114112K
  class space    used 4083K, committed 4288K, reserved 1048576K
}
Event: 2.508 GC heap after
{Heap after GC invocations=5 (full 0):
 garbage-first heap   total reserved 16687104K, committed 139264K, used 20233K [0x0000000405800000, 0x0000000800000000)
  region size 8192K, 2 young (16384K), 2 survivors (16384K)
 Metaspace       used 35643K, committed 36096K, reserved 1114112K
  class space    used 4083K, committed 4288K, reserved 1048576K
}
Event: 2.528 GC heap before
{Heap before GC invocations=5 (full 0):
 garbage-first heap   total reserved 16687104K, committed 139264K, used 20233K [0x0000000405800000, 0x0000000800000000)
  region size 8192K, 3 young (24576K), 2 survivors (16384K)
 Metaspace       used 36007K, committed 36416K, reserved 1114112K
  class space    used 4129K, committed 4288K, reserved 1048576K
}
Event: 2.533 GC heap after
{Heap after GC invocations=6 (full 0):
 garbage-first heap   total reserved 16687104K, committed 139264K, used 20727K [0x0000000405800000, 0x0000000800000000)
  region size 8192K, 1 young (8192K), 1 survivors (8192K)
 Metaspace       used 36007K, committed 36416K, reserved 1114112K
  class space    used 4129K, committed 4288K, reserved 1048576K
}
Event: 2.987 GC heap before
{Heap before GC invocations=7 (full 0):
 garbage-first heap   total reserved 16687104K, committed 114688K, used 86263K [0x0000000405800000, 0x0000000800000000)
  region size 8192K, 9 young (73728K), 1 survivors (8192K)
 Metaspace       used 43400K, committed 43904K, reserved 1114112K
  class space    used 5091K, committed 5312K, reserved 1048576K
}
Event: 2.991 GC heap after
{Heap after GC invocations=8 (full 0):
 garbage-first heap   total reserved 16687104K, committed 114688K, used 24860K [0x0000000405800000, 0x0000000800000000)
  region size 8192K, 2 young (16384K), 2 survivors (16384K)
 Metaspace       used 43400K, committed 43904K, reserved 1114112K
  class space    used 5091K, committed 5312K, reserved 1048576K
}
Event: 14.978 GC heap before
{Heap before GC invocations=8 (full 0):
 garbage-first heap   total reserved 16687104K, committed 114688K, used 74012K [0x0000000405800000, 0x0000000800000000)
  region size 8192K, 8 young (65536K), 2 survivors (16384K)
 Metaspace       used 49579K, committed 50176K, reserved 1114112K
  class space    used 5951K, committed 6208K, reserved 1048576K
}
Event: 14.983 GC heap after
{Heap after GC invocations=9 (full 0):
 garbage-first heap   total reserved 16687104K, committed 114688K, used 26976K [0x0000000405800000, 0x0000000800000000)
  region size 8192K, 1 young (8192K), 1 survivors (8192K)
 Metaspace       used 49579K, committed 50176K, reserved 1114112K
  class space    used 5951K, committed 6208K, reserved 1048576K
}

